-------------------------------------------------------------------------------
Test set: dev.manyroads.RunCucumberTest
-------------------------------------------------------------------------------
Tests run: 1, Failures: 1, Errors: 0, Skipped: 0, Time elapsed: 0.235 s <<< FAILURE! -- in dev.manyroads.RunCucumberTest
Test REST.Test REST - Test REST -- Time elapsed: 0.099 s <<< FAILURE!
org.opentest4j.AssertionFailedError: expected: <http://localhost/8080/testt> but was: <http://localhost/8080/test>
	at dev.manyroads.StepDefinitions.theScenarioPasses(StepDefinitions.java:23)
	at âœ½.Bericht terugontvangen(classpath:dev/manyroads/test_rest.feature:6)

