<?xml version="1.0" encoding="UTF-8"?>
<testsuite xmlns:xsi="http://www.w3.org/2001/XMLSchema-instance" xsi:noNamespaceSchemaLocation="https://maven.apache.org/surefire/maven-surefire-plugin/xsd/surefire-test-report.xsd" version="3.0.2" name="dev.manyroads.RunCucumberTest" time="0.235" tests="1" errors="0" skipped="0" failures="1">
  <properties>
[...]
</properties>
  <testcase name="Test REST - Test REST" classname="Test REST" time="0.099">
    <failure message="expected: &lt;http://localhost/8080/testt&gt; but was: &lt;http://localhost/8080/test&gt;" type="org.opentest4j.AssertionFailedError"><![CDATA[org.opentest4j.AssertionFailedError: expected: <http://localhost/8080/testt> but was: <http://localhost/8080/test>
	at dev.manyroads.StepDefinitions.theScenarioPasses(StepDefinitions.java:23)
	at ✽.Bericht terugontvangen(classpath:dev/manyroads/test_rest.feature:6)
]]></failure>
    <system-out><![CDATA[
Scenario: Test REST           &amp#27;[90m# dev/manyroads/test_rest.feature:3&amp#27;[0m
  &amp#27;[32mGiven &amp#27;[0m&amp#27;[32mTest URL&amp#27;[0m              &amp#27;[90m# dev.manyroads.StepDefinitions.anExampleScenario()&amp#27;[0m
testURL: http://localhost/8080/test
  &amp#27;[32mWhen &amp#27;[0m&amp#27;[32mStuur een GET bericht&amp#27;[0m  &amp#27;[90m# dev.manyroads.StepDefinitions.allStepDefinitionsAreImplemented()&amp#27;[0m
  &amp#27;[31mThen &amp#27;[0m&amp#27;[31mBericht terugontvangen&amp#27;[0m &amp#27;[90m# dev.manyroads.StepDefinitions.theScenarioPasses()&amp#27;[0m
      &amp#27;[31morg.opentest4j.AssertionFailedError: expected: <http://localhost/8080/testt> but was: <http://localhost/8080/test>
	at org.junit.jupiter.api.AssertionFailureBuilder.build(AssertionFailureBuilder.java:151)
	at org.junit.jupiter.api.AssertionFailureBuilder.buildAndThrow(AssertionFailureBuilder.java:132)
	at org.junit.jupiter.api.AssertEquals.failNotEqual(AssertEquals.java:197)
	at org.junit.jupiter.api.AssertEquals.assertEquals(AssertEquals.java:182)
	at org.junit.jupiter.api.AssertEquals.assertEquals(AssertEquals.java:177)
	at org.junit.jupiter.api.Assertions.assertEquals(Assertions.java:1145)
	at dev.manyroads.StepDefinitions.theScenarioPasses(StepDefinitions.java:23)
	at ✽.Bericht terugontvangen(classpath:dev/manyroads/test_rest.feature:6)
&amp#27;[0m
]]></system-out>
  </testcase>
</testsuite>